<?xml version="1.0" encoding="UTF-8"?>
<testng-results skipped="0" failed="0" total="1" passed="1">
  <reporter-output>
  </reporter-output>
  <suite name="Surefire suite" duration-ms="71" started-at="2022-04-17T05:31:47Z" finished-at="2022-04-17T05:31:47Z">
    <groups>
    </groups>
    <test name="Surefire test" duration-ms="71" started-at="2022-04-17T05:31:47Z" finished-at="2022-04-17T05:31:47Z">
      <class name="com.rameshsoft.test.AprilGitProject.TestDemoOne">
        <test-method status="PASS" signature="TestOne()[pri:0, instance:com.rameshsoft.test.AprilGitProject.TestDemoOne@6fb554cc]" name="TestOne" duration-ms="21" started-at="2022-04-17T11:01:47Z" finished-at="2022-04-17T11:01:47Z">
          <reporter-output>
          </reporter-output>
        </test-method> <!-- TestOne -->
      </class> <!-- com.rameshsoft.test.AprilGitProject.TestDemoOne -->
    </test> <!-- Surefire test -->
  </suite> <!-- Surefire suite -->
</testng-results>
